<?xml version="1.0" encoding="UTF-8"?>
<testsuite xmlns:xsi="http://www.w3.org/2001/XMLSchema-instance" xsi:noNamespaceSchemaLocation="https://maven.apache.org/surefire/maven-surefire-plugin/xsd/surefire-test-report.xsd" name="TestSuite" time="22.992" tests="2" errors="0" skipped="0" failures="0">
  <properties>
    <property name="gopherProxySet" value="false"/>
    <property name="awt.toolkit" value="sun.lwawt.macosx.LWCToolkit"/>
    <property name="java.specification.version" value="11"/>
    <property name="sun.cpu.isalist" value=""/>
    <property name="sun.jnu.encoding" value="UTF-8"/>
    <property name="java.class.path" value="/Users/leonardomincola/Documents/QA tools/SeleniumJavaCucumber/target/test-classes:/Users/leonardomincola/Documents/QA tools/SeleniumJavaCucumber/target/classes:/Users/leonardomincola/.m2/repository/tech/grasshopper/extentreports-cucumber6-adapter/2.0.0/extentreports-cucumber6-adapter-2.0.0.jar:/Users/leonardomincola/.m2/repository/com/aventstack/klov-reporter/5.0.1/klov-reporter-5.0.1.jar:/Users/leonardomincola/.m2/repository/org/mongodb/bson/3.3.0/bson-3.3.0.jar:/Users/leonardomincola/.m2/repository/org/apache/httpcomponents/httpmime/4.5.2/httpmime-4.5.2.jar:/Users/leonardomincola/.m2/repository/org/mongodb/mongodb-driver/3.3.0/mongodb-driver-3.3.0.jar:/Users/leonardomincola/.m2/repository/org/mongodb/mongodb-driver-core/3.3.0/mongodb-driver-core-3.3.0.jar:/Users/leonardomincola/.m2/repository/com/aventstack/extentreports/5.0.4/extentreports-5.0.4.jar:/Users/leonardomincola/.m2/repository/io/reactivex/rxjava3/rxjava/3.0.4/rxjava-3.0.4.jar:/Users/leonardomincola/.m2/repository/org/reactivestreams/reactive-streams/1.0.3/reactive-streams-1.0.3.jar:/Users/leonardomincola/.m2/repository/org/freemarker/freemarker/2.3.30/freemarker-2.3.30.jar:/Users/leonardomincola/.m2/repository/org/projectlombok/lombok/1.18.12/lombok-1.18.12.jar:/Users/leonardomincola/.m2/repository/com/google/code/gson/gson/2.8.6/gson-2.8.6.jar:/Users/leonardomincola/.m2/repository/io/cucumber/cucumber-picocontainer/6.8.1/cucumber-picocontainer-6.8.1.jar:/Users/leonardomincola/.m2/repository/org/apiguardian/apiguardian-api/1.1.0/apiguardian-api-1.1.0.jar:/Users/leonardomincola/.m2/repository/org/picocontainer/picocontainer/2.15/picocontainer-2.15.jar:/Users/leonardomincola/.m2/repository/org/apache/poi/poi/3.17/poi-3.17.jar:/Users/leonardomincola/.m2/repository/commons-codec/commons-codec/1.10/commons-codec-1.10.jar:/Users/leonardomincola/.m2/repository/org/apache/commons/commons-collections4/4.1/commons-collections4-4.1.jar:/Users/leonardomincola/.m2/repository/org/apache/poi/poi-ooxml/3.17/poi-ooxml-3.17.jar:/Users/leonardomincola/.m2/repository/org/apache/poi/poi-ooxml-schemas/3.17/poi-ooxml-schemas-3.17.jar:/Users/leonardomincola/.m2/repository/org/apache/xmlbeans/xmlbeans/2.6.0/xmlbeans-2.6.0.jar:/Users/leonardomincola/.m2/repository/stax/stax-api/1.0.1/stax-api-1.0.1.jar:/Users/leonardomincola/.m2/repository/com/github/virtuald/curvesapi/1.04/curvesapi-1.04.jar:/Users/leonardomincola/.m2/repository/org/seleniumhq/selenium/selenium-java/3.6.0/selenium-java-3.6.0.jar:/Users/leonardomincola/.m2/repository/org/seleniumhq/selenium/selenium-api/3.6.0/selenium-api-3.6.0.jar:/Users/leonardomincola/.m2/repository/org/seleniumhq/selenium/selenium-chrome-driver/3.6.0/selenium-chrome-driver-3.6.0.jar:/Users/leonardomincola/.m2/repository/org/seleniumhq/selenium/selenium-edge-driver/3.6.0/selenium-edge-driver-3.6.0.jar:/Users/leonardomincola/.m2/repository/org/seleniumhq/selenium/selenium-firefox-driver/3.6.0/selenium-firefox-driver-3.6.0.jar:/Users/leonardomincola/.m2/repository/org/seleniumhq/selenium/selenium-ie-driver/3.6.0/selenium-ie-driver-3.6.0.jar:/Users/leonardomincola/.m2/repository/org/seleniumhq/selenium/selenium-opera-driver/3.6.0/selenium-opera-driver-3.6.0.jar:/Users/leonardomincola/.m2/repository/org/seleniumhq/selenium/selenium-remote-driver/3.6.0/selenium-remote-driver-3.6.0.jar:/Users/leonardomincola/.m2/repository/org/seleniumhq/selenium/selenium-safari-driver/3.6.0/selenium-safari-driver-3.6.0.jar:/Users/leonardomincola/.m2/repository/org/seleniumhq/selenium/selenium-support/3.6.0/selenium-support-3.6.0.jar:/Users/leonardomincola/.m2/repository/net/bytebuddy/byte-buddy/1.7.5/byte-buddy-1.7.5.jar:/Users/leonardomincola/.m2/repository/org/apache/commons/commons-exec/1.3/commons-exec-1.3.jar:/Users/leonardomincola/.m2/repository/commons-logging/commons-logging/1.2/commons-logging-1.2.jar:/Users/leonardomincola/.m2/repository/com/google/guava/guava/23.0/guava-23.0.jar:/Users/leonardomincola/.m2/repository/com/google/code/findbugs/jsr305/1.3.9/jsr305-1.3.9.jar:/Users/leonardomincola/.m2/repository/com/google/errorprone/error_prone_annotations/2.0.18/error_prone_annotations-2.0.18.jar:/Users/leonardomincola/.m2/repository/com/google/j2objc/j2objc-annotations/1.1/j2objc-annotations-1.1.jar:/Users/leonardomincola/.m2/repository/org/codehaus/mojo/animal-sniffer-annotations/1.14/animal-sniffer-annotations-1.14.jar:/Users/leonardomincola/.m2/repository/org/apache/httpcomponents/httpclient/4.5.3/httpclient-4.5.3.jar:/Users/leonardomincola/.m2/repository/org/apache/httpcomponents/httpcore/4.4.6/httpcore-4.4.6.jar:/Users/leonardomincola/.m2/repository/net/java/dev/jna/jna/4.1.0/jna-4.1.0.jar:/Users/leonardomincola/.m2/repository/net/java/dev/jna/jna-platform/4.1.0/jna-platform-4.1.0.jar:/Users/leonardomincola/.m2/repository/io/cucumber/cucumber-core/6.10.3/cucumber-core-6.10.3.jar:/Users/leonardomincola/.m2/repository/io/cucumber/cucumber-gherkin/6.10.3/cucumber-gherkin-6.10.3.jar:/Users/leonardomincola/.m2/repository/io/cucumber/cucumber-gherkin-messages/6.10.3/cucumber-gherkin-messages-6.10.3.jar:/Users/leonardomincola/.m2/repository/io/cucumber/messages/15.0.0/messages-15.0.0.jar:/Users/leonardomincola/.m2/repository/io/cucumber/tag-expressions/3.0.1/tag-expressions-3.0.1.jar:/Users/leonardomincola/.m2/repository/io/cucumber/cucumber-expressions/10.3.0/cucumber-expressions-10.3.0.jar:/Users/leonardomincola/.m2/repository/io/cucumber/datatable/3.5.0/datatable-3.5.0.jar:/Users/leonardomincola/.m2/repository/io/cucumber/cucumber-plugin/6.10.3/cucumber-plugin-6.10.3.jar:/Users/leonardomincola/.m2/repository/io/cucumber/docstring/6.10.3/docstring-6.10.3.jar:/Users/leonardomincola/.m2/repository/io/cucumber/html-formatter/13.0.0/html-formatter-13.0.0.jar:/Users/leonardomincola/.m2/repository/io/cucumber/create-meta/4.0.0/create-meta-4.0.0.jar:/Users/leonardomincola/.m2/repository/io/cucumber/cucumber-html/0.2.7/cucumber-html-0.2.7.jar:/Users/leonardomincola/.m2/repository/net/sourceforge/cobertura/cobertura/2.1.1/cobertura-2.1.1.jar:/Users/leonardomincola/.m2/repository/org/ow2/asm/asm/5.0.1/asm-5.0.1.jar:/Users/leonardomincola/.m2/repository/org/ow2/asm/asm-tree/5.0.1/asm-tree-5.0.1.jar:/Users/leonardomincola/.m2/repository/org/ow2/asm/asm-commons/5.0.1/asm-commons-5.0.1.jar:/Users/leonardomincola/.m2/repository/org/ow2/asm/asm-util/5.0.1/asm-util-5.0.1.jar:/Users/leonardomincola/.m2/repository/org/ow2/asm/asm-analysis/5.0.1/asm-analysis-5.0.1.jar:/Users/leonardomincola/.m2/repository/oro/oro/2.0.8/oro-2.0.8.jar:/Users/leonardomincola/.m2/repository/jaxen/jaxen/1.1.4/jaxen-1.1.4.jar:/Users/leonardomincola/.m2/repository/org/apache/ant/ant/1.8.3/ant-1.8.3.jar:/Users/leonardomincola/.m2/repository/org/apache/ant/ant-launcher/1.8.3/ant-launcher-1.8.3.jar:/Users/leonardomincola/.m2/repository/org/apache/ant/ant-junit/1.8.3/ant-junit-1.8.3.jar:/Users/leonardomincola/.m2/repository/org/mortbay/jetty/servlet-api-2.5/6.1.14/servlet-api-2.5-6.1.14.jar:/Users/leonardomincola/.m2/repository/org/mortbay/jetty/jetty/6.1.14/jetty-6.1.14.jar:/Users/leonardomincola/.m2/repository/org/mortbay/jetty/jetty-util/6.1.14/jetty-util-6.1.14.jar:/Users/leonardomincola/.m2/repository/org/slf4j/slf4j-api/1.7.5/slf4j-api-1.7.5.jar:/Users/leonardomincola/.m2/repository/ch/qos/logback/logback-classic/1.0.13/logback-classic-1.0.13.jar:/Users/leonardomincola/.m2/repository/ch/qos/logback/logback-core/1.0.13/logback-core-1.0.13.jar:/Users/leonardomincola/.m2/repository/org/apache/commons/commons-lang3/3.3.2/commons-lang3-3.3.2.jar:/Users/leonardomincola/.m2/repository/io/cucumber/cucumber-java/6.10.3/cucumber-java-6.10.3.jar:/Users/leonardomincola/.m2/repository/io/cucumber/cucumber-junit/6.10.3/cucumber-junit-6.10.3.jar:/Users/leonardomincola/.m2/repository/io/cucumber/cucumber-jvm-deps/1.0.6/cucumber-jvm-deps-1.0.6.jar:/Users/leonardomincola/.m2/repository/net/masterthought/cucumber-reporting/5.5.3/cucumber-reporting-5.5.3.jar:/Users/leonardomincola/.m2/repository/com/fasterxml/jackson/core/jackson-databind/2.12.1/jackson-databind-2.12.1.jar:/Users/leonardomincola/.m2/repository/com/fasterxml/jackson/core/jackson-annotations/2.12.1/jackson-annotations-2.12.1.jar:/Users/leonardomincola/.m2/repository/com/fasterxml/jackson/core/jackson-core/2.12.1/jackson-core-2.12.1.jar:/Users/leonardomincola/.m2/repository/com/fasterxml/jackson/datatype/jackson-datatype-jsr310/2.12.1/jackson-datatype-jsr310-2.12.1.jar:/Users/leonardomincola/.m2/repository/org/apache/velocity/velocity-engine-core/2.2/velocity-engine-core-2.2.jar:/Users/leonardomincola/.m2/repository/commons-collections/commons-collections/3.2.2/commons-collections-3.2.2.jar:/Users/leonardomincola/.m2/repository/joda-time/joda-time/2.10.9/joda-time-2.10.9.jar:/Users/leonardomincola/.m2/repository/commons-io/commons-io/2.6/commons-io-2.6.jar:/Users/leonardomincola/.m2/repository/org/codehaus/plexus/plexus-utils/3.3.0/plexus-utils-3.3.0.jar:/Users/leonardomincola/.m2/repository/org/jsoup/jsoup/1.13.1/jsoup-1.13.1.jar:/Users/leonardomincola/.m2/repository/com/googlecode/owasp-java-html-sanitizer/owasp-java-html-sanitizer/20200713.1/owasp-java-html-sanitizer-20200713.1.jar:/Users/leonardomincola/.m2/repository/commons-configuration/commons-configuration/1.10/commons-configuration-1.10.jar:/Users/leonardomincola/.m2/repository/commons-lang/commons-lang/2.6/commons-lang-2.6.jar:/Users/leonardomincola/.m2/repository/io/cucumber/cucumber-testng/6.10.3/cucumber-testng-6.10.3.jar:/Users/leonardomincola/.m2/repository/io/cucumber/gherkin/5.1.0/gherkin-5.1.0.jar:/Users/leonardomincola/.m2/repository/io/cucumber/gherkin-jvm-deps/1.0.4/gherkin-jvm-deps-1.0.4.jar:/Users/leonardomincola/.m2/repository/org/hamcrest/hamcrest/2.2/hamcrest-2.2.jar:/Users/leonardomincola/.m2/repository/org/hamcrest/hamcrest-library/2.2/hamcrest-library-2.2.jar:/Users/leonardomincola/.m2/repository/org/hamcrest/hamcrest-core/2.2/hamcrest-core-2.2.jar:/Users/leonardomincola/.m2/repository/org/testng/testng/6.9.8/testng-6.9.8.jar:/Users/leonardomincola/.m2/repository/org/beanshell/bsh/2.0b4/bsh-2.0b4.jar:/Users/leonardomincola/.m2/repository/com/beust/jcommander/1.48/jcommander-1.48.jar:/Users/leonardomincola/.m2/repository/junit/junit/4.13/junit-4.13.jar:/Users/leonardomincola/.m2/repository/org/jetbrains/annotations/23.0.0/annotations-23.0.0.jar:/Users/leonardomincola/.m2/repository/com/oracle/database/jdbc/ojdbc8/21.1.0.0/ojdbc8-21.1.0.0.jar:/Users/leonardomincola/.m2/repository/org/apache/maven/surefire/surefire-testng-utils/2.22.0/surefire-testng-utils-2.22.0.jar:/Users/leonardomincola/.m2/repository/org/apache/maven/surefire/surefire-grouper/2.22.0/surefire-grouper-2.22.0.jar:"/>
    <property name="java.vm.vendor" value="Oracle Corporation"/>
    <property name="sun.arch.data.model" value="64"/>
    <property name="java.vendor.url" value="https://openjdk.java.net/"/>
    <property name="user.timezone" value=""/>
    <property name="java.vm.specification.version" value="11"/>
    <property name="os.name" value="Mac OS X"/>
    <property name="sun.java.launcher" value="SUN_STANDARD"/>
    <property name="user.country" value="BR"/>
    <property name="sun.boot.library.path" value="/Library/Java/JavaVirtualMachines/jdk-11.0.15.jdk/Contents/Home/lib"/>
    <property name="sun.java.command" value="/Users/leonardomincola/Documents/QA tools/SeleniumJavaCucumber/target/surefire/surefirebooter6760640074263785762.jar /Users/leonardomincola/Documents/QA tools/SeleniumJavaCucumber/target/surefire 2022-11-17T11-25-16_668-jvmRun1 surefire15335518522831242897tmp surefire_013411721345318627594tmp"/>
    <property name="http.nonProxyHosts" value="local|*.local|169.254/16|*.169.254/16"/>
    <property name="jdk.debug" value="release"/>
    <property name="surefire.test.class.path" value="/Users/leonardomincola/Documents/QA tools/SeleniumJavaCucumber/target/test-classes:/Users/leonardomincola/Documents/QA tools/SeleniumJavaCucumber/target/classes:/Users/leonardomincola/.m2/repository/tech/grasshopper/extentreports-cucumber6-adapter/2.0.0/extentreports-cucumber6-adapter-2.0.0.jar:/Users/leonardomincola/.m2/repository/com/aventstack/klov-reporter/5.0.1/klov-reporter-5.0.1.jar:/Users/leonardomincola/.m2/repository/org/mongodb/bson/3.3.0/bson-3.3.0.jar:/Users/leonardomincola/.m2/repository/org/apache/httpcomponents/httpmime/4.5.2/httpmime-4.5.2.jar:/Users/leonardomincola/.m2/repository/org/mongodb/mongodb-driver/3.3.0/mongodb-driver-3.3.0.jar:/Users/leonardomincola/.m2/repository/org/mongodb/mongodb-driver-core/3.3.0/mongodb-driver-core-3.3.0.jar:/Users/leonardomincola/.m2/repository/com/aventstack/extentreports/5.0.4/extentreports-5.0.4.jar:/Users/leonardomincola/.m2/repository/io/reactivex/rxjava3/rxjava/3.0.4/rxjava-3.0.4.jar:/Users/leonardomincola/.m2/repository/org/reactivestreams/reactive-streams/1.0.3/reactive-streams-1.0.3.jar:/Users/leonardomincola/.m2/repository/org/freemarker/freemarker/2.3.30/freemarker-2.3.30.jar:/Users/leonardomincola/.m2/repository/org/projectlombok/lombok/1.18.12/lombok-1.18.12.jar:/Users/leonardomincola/.m2/repository/com/google/code/gson/gson/2.8.6/gson-2.8.6.jar:/Users/leonardomincola/.m2/repository/io/cucumber/cucumber-picocontainer/6.8.1/cucumber-picocontainer-6.8.1.jar:/Users/leonardomincola/.m2/repository/org/apiguardian/apiguardian-api/1.1.0/apiguardian-api-1.1.0.jar:/Users/leonardomincola/.m2/repository/org/picocontainer/picocontainer/2.15/picocontainer-2.15.jar:/Users/leonardomincola/.m2/repository/org/apache/poi/poi/3.17/poi-3.17.jar:/Users/leonardomincola/.m2/repository/commons-codec/commons-codec/1.10/commons-codec-1.10.jar:/Users/leonardomincola/.m2/repository/org/apache/commons/commons-collections4/4.1/commons-collections4-4.1.jar:/Users/leonardomincola/.m2/repository/org/apache/poi/poi-ooxml/3.17/poi-ooxml-3.17.jar:/Users/leonardomincola/.m2/repository/org/apache/poi/poi-ooxml-schemas/3.17/poi-ooxml-schemas-3.17.jar:/Users/leonardomincola/.m2/repository/org/apache/xmlbeans/xmlbeans/2.6.0/xmlbeans-2.6.0.jar:/Users/leonardomincola/.m2/repository/stax/stax-api/1.0.1/stax-api-1.0.1.jar:/Users/leonardomincola/.m2/repository/com/github/virtuald/curvesapi/1.04/curvesapi-1.04.jar:/Users/leonardomincola/.m2/repository/org/seleniumhq/selenium/selenium-java/3.6.0/selenium-java-3.6.0.jar:/Users/leonardomincola/.m2/repository/org/seleniumhq/selenium/selenium-api/3.6.0/selenium-api-3.6.0.jar:/Users/leonardomincola/.m2/repository/org/seleniumhq/selenium/selenium-chrome-driver/3.6.0/selenium-chrome-driver-3.6.0.jar:/Users/leonardomincola/.m2/repository/org/seleniumhq/selenium/selenium-edge-driver/3.6.0/selenium-edge-driver-3.6.0.jar:/Users/leonardomincola/.m2/repository/org/seleniumhq/selenium/selenium-firefox-driver/3.6.0/selenium-firefox-driver-3.6.0.jar:/Users/leonardomincola/.m2/repository/org/seleniumhq/selenium/selenium-ie-driver/3.6.0/selenium-ie-driver-3.6.0.jar:/Users/leonardomincola/.m2/repository/org/seleniumhq/selenium/selenium-opera-driver/3.6.0/selenium-opera-driver-3.6.0.jar:/Users/leonardomincola/.m2/repository/org/seleniumhq/selenium/selenium-remote-driver/3.6.0/selenium-remote-driver-3.6.0.jar:/Users/leonardomincola/.m2/repository/org/seleniumhq/selenium/selenium-safari-driver/3.6.0/selenium-safari-driver-3.6.0.jar:/Users/leonardomincola/.m2/repository/org/seleniumhq/selenium/selenium-support/3.6.0/selenium-support-3.6.0.jar:/Users/leonardomincola/.m2/repository/net/bytebuddy/byte-buddy/1.7.5/byte-buddy-1.7.5.jar:/Users/leonardomincola/.m2/repository/org/apache/commons/commons-exec/1.3/commons-exec-1.3.jar:/Users/leonardomincola/.m2/repository/commons-logging/commons-logging/1.2/commons-logging-1.2.jar:/Users/leonardomincola/.m2/repository/com/google/guava/guava/23.0/guava-23.0.jar:/Users/leonardomincola/.m2/repository/com/google/code/findbugs/jsr305/1.3.9/jsr305-1.3.9.jar:/Users/leonardomincola/.m2/repository/com/google/errorprone/error_prone_annotations/2.0.18/error_prone_annotations-2.0.18.jar:/Users/leonardomincola/.m2/repository/com/google/j2objc/j2objc-annotations/1.1/j2objc-annotations-1.1.jar:/Users/leonardomincola/.m2/repository/org/codehaus/mojo/animal-sniffer-annotations/1.14/animal-sniffer-annotations-1.14.jar:/Users/leonardomincola/.m2/repository/org/apache/httpcomponents/httpclient/4.5.3/httpclient-4.5.3.jar:/Users/leonardomincola/.m2/repository/org/apache/httpcomponents/httpcore/4.4.6/httpcore-4.4.6.jar:/Users/leonardomincola/.m2/repository/net/java/dev/jna/jna/4.1.0/jna-4.1.0.jar:/Users/leonardomincola/.m2/repository/net/java/dev/jna/jna-platform/4.1.0/jna-platform-4.1.0.jar:/Users/leonardomincola/.m2/repository/io/cucumber/cucumber-core/6.10.3/cucumber-core-6.10.3.jar:/Users/leonardomincola/.m2/repository/io/cucumber/cucumber-gherkin/6.10.3/cucumber-gherkin-6.10.3.jar:/Users/leonardomincola/.m2/repository/io/cucumber/cucumber-gherkin-messages/6.10.3/cucumber-gherkin-messages-6.10.3.jar:/Users/leonardomincola/.m2/repository/io/cucumber/messages/15.0.0/messages-15.0.0.jar:/Users/leonardomincola/.m2/repository/io/cucumber/tag-expressions/3.0.1/tag-expressions-3.0.1.jar:/Users/leonardomincola/.m2/repository/io/cucumber/cucumber-expressions/10.3.0/cucumber-expressions-10.3.0.jar:/Users/leonardomincola/.m2/repository/io/cucumber/datatable/3.5.0/datatable-3.5.0.jar:/Users/leonardomincola/.m2/repository/io/cucumber/cucumber-plugin/6.10.3/cucumber-plugin-6.10.3.jar:/Users/leonardomincola/.m2/repository/io/cucumber/docstring/6.10.3/docstring-6.10.3.jar:/Users/leonardomincola/.m2/repository/io/cucumber/html-formatter/13.0.0/html-formatter-13.0.0.jar:/Users/leonardomincola/.m2/repository/io/cucumber/create-meta/4.0.0/create-meta-4.0.0.jar:/Users/leonardomincola/.m2/repository/io/cucumber/cucumber-html/0.2.7/cucumber-html-0.2.7.jar:/Users/leonardomincola/.m2/repository/net/sourceforge/cobertura/cobertura/2.1.1/cobertura-2.1.1.jar:/Users/leonardomincola/.m2/repository/org/ow2/asm/asm/5.0.1/asm-5.0.1.jar:/Users/leonardomincola/.m2/repository/org/ow2/asm/asm-tree/5.0.1/asm-tree-5.0.1.jar:/Users/leonardomincola/.m2/repository/org/ow2/asm/asm-commons/5.0.1/asm-commons-5.0.1.jar:/Users/leonardomincola/.m2/repository/org/ow2/asm/asm-util/5.0.1/asm-util-5.0.1.jar:/Users/leonardomincola/.m2/repository/org/ow2/asm/asm-analysis/5.0.1/asm-analysis-5.0.1.jar:/Users/leonardomincola/.m2/repository/oro/oro/2.0.8/oro-2.0.8.jar:/Users/leonardomincola/.m2/repository/jaxen/jaxen/1.1.4/jaxen-1.1.4.jar:/Users/leonardomincola/.m2/repository/org/apache/ant/ant/1.8.3/ant-1.8.3.jar:/Users/leonardomincola/.m2/repository/org/apache/ant/ant-launcher/1.8.3/ant-launcher-1.8.3.jar:/Users/leonardomincola/.m2/repository/org/apache/ant/ant-junit/1.8.3/ant-junit-1.8.3.jar:/Users/leonardomincola/.m2/repository/org/mortbay/jetty/servlet-api-2.5/6.1.14/servlet-api-2.5-6.1.14.jar:/Users/leonardomincola/.m2/repository/org/mortbay/jetty/jetty/6.1.14/jetty-6.1.14.jar:/Users/leonardomincola/.m2/repository/org/mortbay/jetty/jetty-util/6.1.14/jetty-util-6.1.14.jar:/Users/leonardomincola/.m2/repository/org/slf4j/slf4j-api/1.7.5/slf4j-api-1.7.5.jar:/Users/leonardomincola/.m2/repository/ch/qos/logback/logback-classic/1.0.13/logback-classic-1.0.13.jar:/Users/leonardomincola/.m2/repository/ch/qos/logback/logback-core/1.0.13/logback-core-1.0.13.jar:/Users/leonardomincola/.m2/repository/org/apache/commons/commons-lang3/3.3.2/commons-lang3-3.3.2.jar:/Users/leonardomincola/.m2/repository/io/cucumber/cucumber-java/6.10.3/cucumber-java-6.10.3.jar:/Users/leonardomincola/.m2/repository/io/cucumber/cucumber-junit/6.10.3/cucumber-junit-6.10.3.jar:/Users/leonardomincola/.m2/repository/io/cucumber/cucumber-jvm-deps/1.0.6/cucumber-jvm-deps-1.0.6.jar:/Users/leonardomincola/.m2/repository/net/masterthought/cucumber-reporting/5.5.3/cucumber-reporting-5.5.3.jar:/Users/leonardomincola/.m2/repository/com/fasterxml/jackson/core/jackson-databind/2.12.1/jackson-databind-2.12.1.jar:/Users/leonardomincola/.m2/repository/com/fasterxml/jackson/core/jackson-annotations/2.12.1/jackson-annotations-2.12.1.jar:/Users/leonardomincola/.m2/repository/com/fasterxml/jackson/core/jackson-core/2.12.1/jackson-core-2.12.1.jar:/Users/leonardomincola/.m2/repository/com/fasterxml/jackson/datatype/jackson-datatype-jsr310/2.12.1/jackson-datatype-jsr310-2.12.1.jar:/Users/leonardomincola/.m2/repository/org/apache/velocity/velocity-engine-core/2.2/velocity-engine-core-2.2.jar:/Users/leonardomincola/.m2/repository/commons-collections/commons-collections/3.2.2/commons-collections-3.2.2.jar:/Users/leonardomincola/.m2/repository/joda-time/joda-time/2.10.9/joda-time-2.10.9.jar:/Users/leonardomincola/.m2/repository/commons-io/commons-io/2.6/commons-io-2.6.jar:/Users/leonardomincola/.m2/repository/org/codehaus/plexus/plexus-utils/3.3.0/plexus-utils-3.3.0.jar:/Users/leonardomincola/.m2/repository/org/jsoup/jsoup/1.13.1/jsoup-1.13.1.jar:/Users/leonardomincola/.m2/repository/com/googlecode/owasp-java-html-sanitizer/owasp-java-html-sanitizer/20200713.1/owasp-java-html-sanitizer-20200713.1.jar:/Users/leonardomincola/.m2/repository/commons-configuration/commons-configuration/1.10/commons-configuration-1.10.jar:/Users/leonardomincola/.m2/repository/commons-lang/commons-lang/2.6/commons-lang-2.6.jar:/Users/leonardomincola/.m2/repository/io/cucumber/cucumber-testng/6.10.3/cucumber-testng-6.10.3.jar:/Users/leonardomincola/.m2/repository/io/cucumber/gherkin/5.1.0/gherkin-5.1.0.jar:/Users/leonardomincola/.m2/repository/io/cucumber/gherkin-jvm-deps/1.0.4/gherkin-jvm-deps-1.0.4.jar:/Users/leonardomincola/.m2/repository/org/hamcrest/hamcrest/2.2/hamcrest-2.2.jar:/Users/leonardomincola/.m2/repository/org/hamcrest/hamcrest-library/2.2/hamcrest-library-2.2.jar:/Users/leonardomincola/.m2/repository/org/hamcrest/hamcrest-core/2.2/hamcrest-core-2.2.jar:/Users/leonardomincola/.m2/repository/org/testng/testng/6.9.8/testng-6.9.8.jar:/Users/leonardomincola/.m2/repository/org/beanshell/bsh/2.0b4/bsh-2.0b4.jar:/Users/leonardomincola/.m2/repository/com/beust/jcommander/1.48/jcommander-1.48.jar:/Users/leonardomincola/.m2/repository/junit/junit/4.13/junit-4.13.jar:/Users/leonardomincola/.m2/repository/org/jetbrains/annotations/23.0.0/annotations-23.0.0.jar:/Users/leonardomincola/.m2/repository/com/oracle/database/jdbc/ojdbc8/21.1.0.0/ojdbc8-21.1.0.0.jar:/Users/leonardomincola/.m2/repository/org/apache/maven/surefire/surefire-testng-utils/2.22.0/surefire-testng-utils-2.22.0.jar:/Users/leonardomincola/.m2/repository/org/apache/maven/surefire/surefire-grouper/2.22.0/surefire-grouper-2.22.0.jar:"/>
    <property name="sun.cpu.endian" value="little"/>
    <property name="user.home" value="/Users/leonardomincola"/>
    <property name="user.language" value="pt"/>
    <property name="java.specification.vendor" value="Oracle Corporation"/>
    <property name="java.version.date" value="2022-04-19"/>
    <property name="java.home" value="/Library/Java/JavaVirtualMachines/jdk-11.0.15.jdk/Contents/Home"/>
    <property name="file.separator" value="/"/>
    <property name="basedir" value="/Users/leonardomincola/Documents/QA tools/SeleniumJavaCucumber"/>
    <property name="java.vm.compressedOopsMode" value="Zero based"/>
    <property name="line.separator" value="&#10;"/>
    <property name="java.specification.name" value="Java Platform API Specification"/>
    <property name="java.vm.specification.vendor" value="Oracle Corporation"/>
    <property name="java.awt.graphicsenv" value="sun.awt.CGraphicsEnvironment"/>
    <property name="surefire.real.class.path" value="/Users/leonardomincola/Documents/QA tools/SeleniumJavaCucumber/target/surefire/surefirebooter6760640074263785762.jar"/>
    <property name="sun.management.compiler" value="HotSpot 64-Bit Tiered Compilers"/>
    <property name="ftp.nonProxyHosts" value="local|*.local|169.254/16|*.169.254/16"/>
    <property name="java.runtime.version" value="11.0.15+8-LTS-149"/>
    <property name="user.name" value="leonardomincola"/>
    <property name="path.separator" value=":"/>
    <property name="os.version" value="11.6"/>
    <property name="java.runtime.name" value="Java(TM) SE Runtime Environment"/>
    <property name="file.encoding" value="UTF-8"/>
    <property name="java.vm.name" value="Java HotSpot(TM) 64-Bit Server VM"/>
    <property name="java.vendor.version" value="18.9"/>
    <property name="localRepository" value="/Users/leonardomincola/.m2/repository"/>
    <property name="java.vendor.url.bug" value="https://bugreport.java.com/bugreport/"/>
    <property name="java.io.tmpdir" value="/var/folders/t6/bvqwbsxj6dn9hcwprrqnpvw00000gp/T/"/>
    <property name="java.version" value="11.0.15"/>
    <property name="user.dir" value="/Users/leonardomincola/Documents/QA tools/SeleniumJavaCucumber"/>
    <property name="os.arch" value="x86_64"/>
    <property name="java.vm.specification.name" value="Java Virtual Machine Specification"/>
    <property name="java.awt.printerjob" value="sun.lwawt.macosx.CPrinterJob"/>
    <property name="sun.os.patch.level" value="unknown"/>
    <property name="java.library.path" value="/Users/leonardomincola/Library/Java/Extensions:/Library/Java/Extensions:/Network/Library/Java/Extensions:/System/Library/Java/Extensions:/usr/lib/java:."/>
    <property name="java.vendor" value="Oracle Corporation"/>
    <property name="java.vm.info" value="mixed mode"/>
    <property name="java.vm.version" value="11.0.15+8-LTS-149"/>
    <property name="sun.io.unicode.encoding" value="UnicodeBig"/>
    <property name="java.class.version" value="55.0"/>
    <property name="socksNonProxyHosts" value="local|*.local|169.254/16|*.169.254/16"/>
  </properties>
  <testcase name="runScenario" classname="testRunner.TestRun" time="7.463"/>
  <testcase name="runScenario" classname="testRunner.TestRun" time="6.956"/>
</testsuite>