<?xml version="1.0" encoding="UTF-8"?>
<!-- Generated by org.testng.reporters.JUnitReportReporter -->
<testsuite hostname="C02G99UAMD6M.local" failures="0" tests="2" name="testRunner.TestRun" time="14.420" errors="0" timestamp="17 Nov 2022 14:25:40 GMT">
  <testcase classname="testRunner.TestRun" name="runScenario" time="6.957"/>
  <testcase classname="testRunner.TestRun" name="runScenario" time="7.463"/>
</testsuite> <!-- testRunner.TestRun -->
